This file contains any messages produced by compilers while
running configure, to aid debugging if configure makes a mistake.

It was created by libest configure 2.1.0p, which was
generated by GNU Autoconf 2.69.  Invocation command line was

  $ ./configure --with-ssl-dir=/usr/local/pqpki-openssl1.0.2o

## --------- ##
## Platform. ##
## --------- ##

hostname = ubuntu-xenial
uname -m = x86_64
uname -r = 4.4.0-164-generic
uname -s = Linux
uname -v = #192-Ubuntu SMP Fri Sep 13 12:02:50 UTC 2019

/usr/bin/uname -p = unknown
/bin/uname -X     = unknown

/bin/arch              = unknown
/usr/bin/arch -k       = unknown
/usr/convex/getsysinfo = unknown
/usr/bin/hostinfo      = unknown
/bin/machine           = unknown
/usr/bin/oslevel       = unknown
/bin/universe          = unknown

PATH: /home/ubuntu/bin
PATH: /home/ubuntu/.local/bin
PATH: /usr/local/sbin
PATH: /usr/local/bin
PATH: /usr/sbin
PATH: /usr/bin
PATH: /sbin
PATH: /bin
PATH: /usr/games
PATH: /usr/local/games
PATH: /snap/bin
PATH: /usr/local/go/bin


## ----------- ##
## Core tests. ##
## ----------- ##

configure:2222: checking for a BSD-compatible install
configure:2290: result: /usr/bin/install -c
configure:2301: checking whether build environment is sane
configure:2356: result: yes
configure:2507: checking for a thread-safe mkdir -p
configure:2546: result: /bin/mkdir -p
configure:2553: checking for gawk
configure:2569: found /usr/bin/gawk
configure:2580: result: gawk
configure:2591: checking whether make sets $(MAKE)
configure:2613: result: yes
configure:2642: checking whether make supports nested variables
configure:2659: result: yes
configure:2786: checking whether to enable maintainer-specific portions of Makefiles
configure:2795: result: no
configure:2972: checking for gcc
configure:2988: found /usr/bin/gcc
configure:2999: result: gcc
configure:3228: checking for C compiler version
configure:3237: gcc --version >&5
gcc (Ubuntu 5.4.0-6ubuntu1~16.04.11) 5.4.0 20160609
Copyright (C) 2015 Free Software Foundation, Inc.
This is free software; see the source for copying conditions.  There is NO
warranty; not even for MERCHANTABILITY or FITNESS FOR A PARTICULAR PURPOSE.

configure:3248: $? = 0
configure:3237: gcc -v >&5
Using built-in specs.
COLLECT_GCC=gcc
COLLECT_LTO_WRAPPER=/usr/lib/gcc/x86_64-linux-gnu/5/lto-wrapper
Target: x86_64-linux-gnu
Configured with: ../src/configure -v --with-pkgversion='Ubuntu 5.4.0-6ubuntu1~16.04.11' --with-bugurl=file:///usr/share/doc/gcc-5/README.Bugs --enable-languages=c,ada,c++,java,go,d,fortran,objc,obj-c++ --prefix=/usr --program-suffix=-5 --enable-shared --enable-linker-build-id --libexecdir=/usr/lib --without-included-gettext --enable-threads=posix --libdir=/usr/lib --enable-nls --with-sysroot=/ --enable-clocale=gnu --enable-libstdcxx-debug --enable-libstdcxx-time=yes --with-default-libstdcxx-abi=new --enable-gnu-unique-object --disable-vtable-verify --enable-libmpx --enable-plugin --with-system-zlib --disable-browser-plugin --enable-java-awt=gtk --enable-gtk-cairo --with-java-home=/usr/lib/jvm/java-1.5.0-gcj-5-amd64/jre --enable-java-home --with-jvm-root-dir=/usr/lib/jvm/java-1.5.0-gcj-5-amd64 --with-jvm-jar-dir=/usr/lib/jvm-exports/java-1.5.0-gcj-5-amd64 --with-arch-directory=amd64 --with-ecj-jar=/usr/share/java/eclipse-ecj.jar --enable-objc-gc --enable-multiarch --disable-werror --with-arch-32=i686 --with-abi=m64 --with-multilib-list=m32,m64,mx32 --enable-multilib --with-tune=generic --enable-checking=release --build=x86_64-linux-gnu --host=x86_64-linux-gnu --target=x86_64-linux-gnu
Thread model: posix
gcc version 5.4.0 20160609 (Ubuntu 5.4.0-6ubuntu1~16.04.11) 
configure:3248: $? = 0
configure:3237: gcc -V >&5
gcc: error: unrecognized command line option '-V'
gcc: fatal error: no input files
compilation terminated.
configure:3248: $? = 1
configure:3237: gcc -qversion >&5
gcc: error: unrecognized command line option '-qversion'
gcc: fatal error: no input files
compilation terminated.
configure:3248: $? = 1
configure:3268: checking whether the C compiler works
configure:3290: gcc    conftest.c  >&5
configure:3294: $? = 0
configure:3342: result: yes
configure:3345: checking for C compiler default output file name
configure:3347: result: a.out
configure:3353: checking for suffix of executables
configure:3360: gcc -o conftest    conftest.c  >&5
configure:3364: $? = 0
configure:3386: result: 
configure:3408: checking whether we are cross compiling
configure:3416: gcc -o conftest    conftest.c  >&5
configure:3420: $? = 0
configure:3427: ./conftest
configure:3431: $? = 0
configure:3446: result: no
configure:3451: checking for suffix of object files
configure:3473: gcc -c   conftest.c >&5
configure:3477: $? = 0
configure:3498: result: o
configure:3502: checking whether we are using the GNU C compiler
configure:3521: gcc -c   conftest.c >&5
configure:3521: $? = 0
configure:3530: result: yes
configure:3539: checking whether gcc accepts -g
configure:3559: gcc -c -g  conftest.c >&5
configure:3559: $? = 0
configure:3600: result: yes
configure:3617: checking for gcc option to accept ISO C89
configure:3680: gcc  -c -g -O2  conftest.c >&5
configure:3680: $? = 0
configure:3693: result: none needed
configure:3718: checking whether gcc understands -c and -o together
configure:3740: gcc -c conftest.c -o conftest2.o
configure:3743: $? = 0
configure:3740: gcc -c conftest.c -o conftest2.o
configure:3743: $? = 0
configure:3755: result: yes
configure:3783: checking for style of include used by make
configure:3811: result: GNU
configure:3837: checking dependency style of gcc
configure:3948: result: gcc3
configure:3965: checking dependency style of gcc
configure:4076: result: gcc3
configure:4121: checking build system type
configure:4135: result: x86_64-unknown-linux-gnu
configure:4155: checking host system type
configure:4168: result: x86_64-unknown-linux-gnu
configure:4209: checking how to print strings
configure:4236: result: printf
configure:4257: checking for a sed that does not truncate output
configure:4321: result: /bin/sed
configure:4339: checking for grep that handles long lines and -e
configure:4397: result: /bin/grep
configure:4402: checking for egrep
configure:4464: result: /bin/grep -E
configure:4469: checking for fgrep
configure:4531: result: /bin/grep -F
configure:4566: checking for ld used by gcc
configure:4633: result: /usr/bin/ld
configure:4640: checking if the linker (/usr/bin/ld) is GNU ld
configure:4655: result: yes
configure:4667: checking for BSD- or MS-compatible name lister (nm)
configure:4721: result: /usr/bin/nm -B
configure:4851: checking the name lister (/usr/bin/nm -B) interface
configure:4858: gcc -c -g -O2  conftest.c >&5
configure:4861: /usr/bin/nm -B "conftest.o"
configure:4864: output
0000000000000000 B some_variable
configure:4871: result: BSD nm
configure:4874: checking whether ln -s works
configure:4878: result: yes
configure:4886: checking the maximum length of command line arguments
configure:5017: result: 1572864
configure:5065: checking how to convert x86_64-unknown-linux-gnu file names to x86_64-unknown-linux-gnu format
configure:5105: result: func_convert_file_noop
configure:5112: checking how to convert x86_64-unknown-linux-gnu file names to toolchain format
configure:5132: result: func_convert_file_noop
configure:5139: checking for /usr/bin/ld option to reload object files
configure:5146: result: -r
configure:5220: checking for objdump
configure:5236: found /usr/bin/objdump
configure:5247: result: objdump
configure:5279: checking how to recognize dependent libraries
configure:5479: result: pass_all
configure:5564: checking for dlltool
configure:5594: result: no
configure:5624: checking how to associate runtime and link libraries
configure:5651: result: printf %s\n
configure:5712: checking for ar
configure:5728: found /usr/bin/ar
configure:5739: result: ar
configure:5776: checking for archiver @FILE support
configure:5793: gcc -c -g -O2  conftest.c >&5
configure:5793: $? = 0
configure:5796: ar cru libconftest.a @conftest.lst >&5
ar: `u' modifier ignored since `D' is the default (see `U')
configure:5799: $? = 0
configure:5804: ar cru libconftest.a @conftest.lst >&5
ar: `u' modifier ignored since `D' is the default (see `U')
ar: conftest.o: No such file or directory
configure:5807: $? = 1
configure:5819: result: @
configure:5877: checking for strip
configure:5893: found /usr/bin/strip
configure:5904: result: strip
configure:5976: checking for ranlib
configure:5992: found /usr/bin/ranlib
configure:6003: result: ranlib
configure:6105: checking command to parse /usr/bin/nm -B output from gcc object
configure:6258: gcc -c -g -O2  conftest.c >&5
configure:6261: $? = 0
configure:6265: /usr/bin/nm -B conftest.o \| sed -n -e 's/^.*[ ]\([ABCDGIRSTW][ABCDGIRSTW]*\)[ ][ ]*\([_A-Za-z][_A-Za-z0-9]*\)$/\1 \2 \2/p' | sed '/ __gnu_lto/d' \> conftest.nm
configure:6268: $? = 0
configure:6334: gcc -o conftest -g -O2   conftest.c conftstm.o >&5
configure:6337: $? = 0
configure:6375: result: ok
configure:6422: checking for sysroot
configure:6452: result: no
configure:6459: checking for a working dd
configure:6497: result: /bin/dd
configure:6501: checking how to truncate binary pipes
configure:6516: result: /bin/dd bs=4096 count=1
configure:6652: gcc -c -g -O2  conftest.c >&5
configure:6655: $? = 0
configure:6845: checking for mt
configure:6861: found /bin/mt
configure:6872: result: mt
configure:6895: checking if mt is a manifest tool
configure:6901: mt '-?'
configure:6909: result: no
configure:7586: checking how to run the C preprocessor
configure:7617: gcc -E  conftest.c
configure:7617: $? = 0
configure:7631: gcc -E  conftest.c
conftest.c:13:28: fatal error: ac_nonexistent.h: No such file or directory
compilation terminated.
configure:7631: $? = 1
configure: failed program was:
| /* confdefs.h */
| #define PACKAGE_NAME "libest"
| #define PACKAGE_TARNAME "libest"
| #define PACKAGE_VERSION "2.1.0p"
| #define PACKAGE_STRING "libest 2.1.0p"
| #define PACKAGE_BUGREPORT "libest-dev"
| #define PACKAGE_URL ""
| #define PACKAGE "libest"
| #define VERSION "2.1.0p"
| #define PACKAGE "libest"
| #define VERSION "2.1.0p"
| /* end confdefs.h.  */
| #include <ac_nonexistent.h>
configure:7656: result: gcc -E
configure:7676: gcc -E  conftest.c
configure:7676: $? = 0
configure:7690: gcc -E  conftest.c
conftest.c:13:28: fatal error: ac_nonexistent.h: No such file or directory
compilation terminated.
configure:7690: $? = 1
configure: failed program was:
| /* confdefs.h */
| #define PACKAGE_NAME "libest"
| #define PACKAGE_TARNAME "libest"
| #define PACKAGE_VERSION "2.1.0p"
| #define PACKAGE_STRING "libest 2.1.0p"
| #define PACKAGE_BUGREPORT "libest-dev"
| #define PACKAGE_URL ""
| #define PACKAGE "libest"
| #define VERSION "2.1.0p"
| #define PACKAGE "libest"
| #define VERSION "2.1.0p"
| /* end confdefs.h.  */
| #include <ac_nonexistent.h>
configure:7719: checking for ANSI C header files
configure:7739: gcc -c -g -O2  conftest.c >&5
configure:7739: $? = 0
configure:7812: gcc -o conftest -g -O2   conftest.c  >&5
configure:7812: $? = 0
configure:7812: ./conftest
configure:7812: $? = 0
configure:7823: result: yes
configure:7836: checking for sys/types.h
configure:7836: gcc -c -g -O2  conftest.c >&5
configure:7836: $? = 0
configure:7836: result: yes
configure:7836: checking for sys/stat.h
configure:7836: gcc -c -g -O2  conftest.c >&5
configure:7836: $? = 0
configure:7836: result: yes
configure:7836: checking for stdlib.h
configure:7836: gcc -c -g -O2  conftest.c >&5
configure:7836: $? = 0
configure:7836: result: yes
configure:7836: checking for string.h
configure:7836: gcc -c -g -O2  conftest.c >&5
configure:7836: $? = 0
configure:7836: result: yes
configure:7836: checking for memory.h
configure:7836: gcc -c -g -O2  conftest.c >&5
configure:7836: $? = 0
configure:7836: result: yes
configure:7836: checking for strings.h
configure:7836: gcc -c -g -O2  conftest.c >&5
configure:7836: $? = 0
configure:7836: result: yes
configure:7836: checking for inttypes.h
configure:7836: gcc -c -g -O2  conftest.c >&5
configure:7836: $? = 0
configure:7836: result: yes
configure:7836: checking for stdint.h
configure:7836: gcc -c -g -O2  conftest.c >&5
configure:7836: $? = 0
configure:7836: result: yes
configure:7836: checking for unistd.h
configure:7836: gcc -c -g -O2  conftest.c >&5
configure:7836: $? = 0
configure:7836: result: yes
configure:7850: checking for dlfcn.h
configure:7850: gcc -c -g -O2  conftest.c >&5
configure:7850: $? = 0
configure:7850: result: yes
configure:8106: checking for objdir
configure:8121: result: .libs
configure:8385: checking if gcc supports -fno-rtti -fno-exceptions
configure:8403: gcc -c -g -O2  -fno-rtti -fno-exceptions conftest.c >&5
cc1: warning: command line option '-fno-rtti' is valid for C++/ObjC++ but not for C
configure:8407: $? = 0
configure:8420: result: no
configure:8778: checking for gcc option to produce PIC
configure:8785: result: -fPIC -DPIC
configure:8793: checking if gcc PIC flag -fPIC -DPIC works
configure:8811: gcc -c -g -O2  -fPIC -DPIC -DPIC conftest.c >&5
configure:8815: $? = 0
configure:8828: result: yes
configure:8857: checking if gcc static flag -static works
configure:8885: result: yes
configure:8900: checking if gcc supports -c -o file.o
configure:8921: gcc -c -g -O2  -o out/conftest2.o conftest.c >&5
configure:8925: $? = 0
configure:8947: result: yes
configure:8955: checking if gcc supports -c -o file.o
configure:9002: result: yes
configure:9035: checking whether the gcc linker (/usr/bin/ld -m elf_x86_64) supports shared libraries
configure:10294: result: yes
configure:10331: checking whether -lc should be explicitly linked in
configure:10339: gcc -c -g -O2  conftest.c >&5
configure:10342: $? = 0
configure:10357: gcc -shared  -fPIC -DPIC conftest.o  -v -Wl,-soname -Wl,conftest -o conftest 2\>\&1 \| /bin/grep  -lc  \>/dev/null 2\>\&1
configure:10360: $? = 0
configure:10374: result: no
configure:10534: checking dynamic linker characteristics
configure:11115: gcc -o conftest -g -O2   -Wl,-rpath -Wl,/foo conftest.c  >&5
configure:11115: $? = 0
configure:11352: result: GNU/Linux ld.so
configure:11474: checking how to hardcode library paths into programs
configure:11499: result: immediate
configure:12047: checking whether stripping libraries is possible
configure:12052: result: yes
configure:12087: checking if libtool supports shared libraries
configure:12089: result: yes
configure:12092: checking whether to build shared libraries
configure:12117: result: yes
configure:12120: checking whether to build static libraries
configure:12124: result: yes
configure:12171: checking Host OS is FreeBSD
configure:12185: result: FreeBSD not set
configure:12192: checking for dlopen in -ldl
configure:12217: gcc -o conftest -g -O2   conftest.c -ldl   >&5
configure:12217: $? = 0
configure:12226: result: yes
configure:12264: result: JNI support is disabled
configure:12298: result: pthread support is enabled
configure:12303: checking for pthread_create in -lpthread
configure:12328: gcc -o conftest -g -O2   conftest.c -lpthread  -ldl  >&5
configure:12328: $? = 0
configure:12337: result: yes
configure:12423: checking for EVP_EncryptInit in -lcrypto
configure:12448: gcc -o conftest -g -O2 -Wall -I/usr/local/pqpki-openssl1.0.2o/include   -L/usr/local/pqpki-openssl1.0.2o/lib conftest.c -lcrypto  -lpthread -ldl  >&5
configure:12448: $? = 0
configure:12457: result: yes
configure:12475: checking for SSL_CTX_new in -lssl
configure:12500: gcc -o conftest -g -O2 -Wall -I/usr/local/pqpki-openssl1.0.2o/include   -L/usr/local/pqpki-openssl1.0.2o/lib conftest.c -lssl  -lcrypto -lpthread -ldl  >&5
configure:12500: $? = 0
configure:12509: result: yes
configure:12828: checking that generated files are newer than configure
configure:12834: result: done
configure:12889: creating ./config.status

## ---------------------- ##
## Running config.status. ##
## ---------------------- ##

This file was extended by libest config.status 2.1.0p, which was
generated by GNU Autoconf 2.69.  Invocation command line was

  CONFIG_FILES    = 
  CONFIG_HEADERS  = 
  CONFIG_LINKS    = 
  CONFIG_COMMANDS = 
  $ ./config.status 

on ubuntu-xenial

config.status:1034: creating Makefile
config.status:1034: creating version
config.status:1034: creating safe_c_stub/Makefile
config.status:1034: creating safe_c_stub/lib/Makefile
config.status:1034: creating java/jni/Makefile
config.status:1034: creating src/Makefile
config.status:1034: creating src/est/Makefile
config.status:1034: creating example/client/Makefile
config.status:1034: creating example/client-simple/Makefile
config.status:1034: creating example/server/Makefile
config.status:1034: creating example/proxy/Makefile
config.status:1206: executing depfiles commands
config.status:1206: executing libtool commands

## ---------------- ##
## Cache variables. ##
## ---------------- ##

ac_cv_build=x86_64-unknown-linux-gnu
ac_cv_c_compiler_gnu=yes
ac_cv_env_CC_set=
ac_cv_env_CC_value=
ac_cv_env_CFLAGS_set=
ac_cv_env_CFLAGS_value=
ac_cv_env_CPPFLAGS_set=
ac_cv_env_CPPFLAGS_value=
ac_cv_env_CPP_set=
ac_cv_env_CPP_value=
ac_cv_env_LDFLAGS_set=
ac_cv_env_LDFLAGS_value=
ac_cv_env_LIBS_set=
ac_cv_env_LIBS_value=
ac_cv_env_LT_SYS_LIBRARY_PATH_set=
ac_cv_env_LT_SYS_LIBRARY_PATH_value=
ac_cv_env_build_alias_set=
ac_cv_env_build_alias_value=
ac_cv_env_host_alias_set=
ac_cv_env_host_alias_value=
ac_cv_env_target_alias_set=
ac_cv_env_target_alias_value=
ac_cv_header_dlfcn_h=yes
ac_cv_header_inttypes_h=yes
ac_cv_header_memory_h=yes
ac_cv_header_stdc=yes
ac_cv_header_stdint_h=yes
ac_cv_header_stdlib_h=yes
ac_cv_header_string_h=yes
ac_cv_header_strings_h=yes
ac_cv_header_sys_stat_h=yes
ac_cv_header_sys_types_h=yes
ac_cv_header_unistd_h=yes
ac_cv_host=x86_64-unknown-linux-gnu
ac_cv_lib_crypto_EVP_EncryptInit=yes
ac_cv_lib_dl_dlopen=yes
ac_cv_lib_pthread_pthread_create=yes
ac_cv_lib_ssl_SSL_CTX_new=yes
ac_cv_objext=o
ac_cv_path_EGREP='/bin/grep -E'
ac_cv_path_FGREP='/bin/grep -F'
ac_cv_path_GREP=/bin/grep
ac_cv_path_SED=/bin/sed
ac_cv_path_install='/usr/bin/install -c'
ac_cv_path_lt_DD=/bin/dd
ac_cv_path_mkdir=/bin/mkdir
ac_cv_prog_AWK=gawk
ac_cv_prog_CPP='gcc -E'
ac_cv_prog_ac_ct_AR=ar
ac_cv_prog_ac_ct_CC=gcc
ac_cv_prog_ac_ct_MANIFEST_TOOL=mt
ac_cv_prog_ac_ct_OBJDUMP=objdump
ac_cv_prog_ac_ct_RANLIB=ranlib
ac_cv_prog_ac_ct_STRIP=strip
ac_cv_prog_cc_c89=
ac_cv_prog_cc_g=yes
ac_cv_prog_make_make_set=yes
am_cv_CC_dependencies_compiler_type=gcc3
am_cv_make_support_nested_variables=yes
am_cv_prog_cc_c_o=yes
lt_cv_ar_at_file=@
lt_cv_archive_cmds_need_lc=no
lt_cv_deplibs_check_method=pass_all
lt_cv_file_magic_cmd='$MAGIC_CMD'
lt_cv_file_magic_test_file=
lt_cv_ld_reload_flag=-r
lt_cv_nm_interface='BSD nm'
lt_cv_objdir=.libs
lt_cv_path_LD=/usr/bin/ld
lt_cv_path_NM='/usr/bin/nm -B'
lt_cv_path_mainfest_tool=no
lt_cv_prog_compiler_c_o=yes
lt_cv_prog_compiler_pic='-fPIC -DPIC'
lt_cv_prog_compiler_pic_works=yes
lt_cv_prog_compiler_rtti_exceptions=no
lt_cv_prog_compiler_static_works=yes
lt_cv_prog_gnu_ld=yes
lt_cv_sharedlib_from_linklib_cmd='printf %s\n'
lt_cv_shlibpath_overrides_runpath=no
lt_cv_sys_global_symbol_pipe='sed -n -e '\''s/^.*[	 ]\([ABCDGIRSTW][ABCDGIRSTW]*\)[	 ][	 ]*\([_A-Za-z][_A-Za-z0-9]*\)$/\1 \2 \2/p'\'' | sed '\''/ __gnu_lto/d'\'''
lt_cv_sys_global_symbol_to_c_name_address='sed -n -e '\''s/^: \(.*\) .*$/  {"\1", (void *) 0},/p'\'' -e '\''s/^[ABCDGIRSTW][ABCDGIRSTW]* .* \(.*\)$/  {"\1", (void *) \&\1},/p'\'''
lt_cv_sys_global_symbol_to_c_name_address_lib_prefix='sed -n -e '\''s/^: \(.*\) .*$/  {"\1", (void *) 0},/p'\'' -e '\''s/^[ABCDGIRSTW][ABCDGIRSTW]* .* \(lib.*\)$/  {"\1", (void *) \&\1},/p'\'' -e '\''s/^[ABCDGIRSTW][ABCDGIRSTW]* .* \(.*\)$/  {"lib\1", (void *) \&\1},/p'\'''
lt_cv_sys_global_symbol_to_cdecl='sed -n -e '\''s/^T .* \(.*\)$/extern int \1();/p'\'' -e '\''s/^[ABCDGIRSTW][ABCDGIRSTW]* .* \(.*\)$/extern char \1;/p'\'''
lt_cv_sys_global_symbol_to_import=
lt_cv_sys_max_cmd_len=1572864
lt_cv_to_host_file_cmd=func_convert_file_noop
lt_cv_to_tool_file_cmd=func_convert_file_noop
lt_cv_truncate_bin='/bin/dd bs=4096 count=1'

## ----------------- ##
## Output variables. ##
## ----------------- ##

ACLOCAL='${SHELL} /vagrant/LMS_HLF/libest/config/missing aclocal-1.15'
AMDEPBACKSLASH='\'
AMDEP_FALSE='#'
AMDEP_TRUE=''
AMTAR='$${TAR-tar}'
AM_BACKSLASH='\'
AM_DEFAULT_V='$(AM_DEFAULT_VERBOSITY)'
AM_DEFAULT_VERBOSITY='1'
AM_V='$(V)'
AR='ar'
AUTOCONF='${SHELL} /vagrant/LMS_HLF/libest/config/missing autoconf'
AUTOHEADER='${SHELL} /vagrant/LMS_HLF/libest/config/missing autoheader'
AUTOMAKE='${SHELL} /vagrant/LMS_HLF/libest/config/missing automake-1.15'
AWK='gawk'
CC='gcc'
CCDEPMODE='depmode=gcc3'
CFLAGS='-g -O2 -Wall -I/usr/local/pqpki-openssl1.0.2o/include -Wall -I$(abs_top_builddir)/safe_c_stub/include'
CPP='gcc -E'
CPPFLAGS=''
CYGPATH_W='echo'
DEFS='-DPACKAGE_NAME=\"libest\" -DPACKAGE_TARNAME=\"libest\" -DPACKAGE_VERSION=\"2.1.0p\" -DPACKAGE_STRING=\"libest\ 2.1.0p\" -DPACKAGE_BUGREPORT=\"libest-dev\" -DPACKAGE_URL=\"\" -DPACKAGE=\"libest\" -DVERSION=\"2.1.0p\" -DPACKAGE=\"libest\" -DVERSION=\"2.1.0p\" -DSTDC_HEADERS=1 -DHAVE_SYS_TYPES_H=1 -DHAVE_SYS_STAT_H=1 -DHAVE_STDLIB_H=1 -DHAVE_STRING_H=1 -DHAVE_MEMORY_H=1 -DHAVE_STRINGS_H=1 -DHAVE_INTTYPES_H=1 -DHAVE_STDINT_H=1 -DHAVE_UNISTD_H=1 -DHAVE_DLFCN_H=1 -DLT_OBJDIR=\".libs/\" -DHAVE_LIBDL=1 -DHAVE_LIBPTHREAD=1 -DHAVE_LIBCRYPTO=1 -DHAVE_LIBSSL=1'
DEPDIR='.deps'
DISABLE_PTHREAD_FALSE=''
DISABLE_PTHREAD_TRUE='#'
DLLTOOL='false'
DSYMUTIL=''
DUMPBIN=''
ECHO_C=''
ECHO_N='-n'
ECHO_T=''
EGREP='/bin/grep -E'
ENABLE_JNI_FALSE=''
ENABLE_JNI_TRUE='#'
EXEEXT=''
FGREP='/bin/grep -F'
FREEBSD_FALSE=''
FREEBSD_TRUE='#'
GREP='/bin/grep'
INSTALL_DATA='${INSTALL} -m 644'
INSTALL_PROGRAM='${INSTALL}'
INSTALL_SCRIPT='${INSTALL}'
INSTALL_STRIP_PROGRAM='$(install_sh) -c -s'
JAVA_HOME_SET_FALSE=''
JAVA_HOME_SET_TRUE='#'
LD='/usr/bin/ld -m elf_x86_64'
LDFLAGS=' -L/usr/local/pqpki-openssl1.0.2o/lib -L$(abs_top_builddir)/safe_c_stub/lib'
LIBOBJS=''
LIBS='-lssl -lcrypto -lpthread -ldl  -lsafe_lib'
LIBTOOL='$(SHELL) $(top_builddir)/libtool'
LIPO=''
LN_S='ln -s'
LTLIBOBJS=''
LT_SYS_LIBRARY_PATH=''
MAINT='#'
MAINTAINER_MODE_FALSE=''
MAINTAINER_MODE_TRUE='#'
MAKEINFO='${SHELL} /vagrant/LMS_HLF/libest/config/missing makeinfo'
MANIFEST_TOOL=':'
MKDIR_P='/bin/mkdir -p'
NM='/usr/bin/nm -B'
NMEDIT=''
OBJDUMP='objdump'
OBJEXT='o'
OTOOL64=''
OTOOL=''
PACKAGE='libest'
PACKAGE_BUGREPORT='libest-dev'
PACKAGE_NAME='libest'
PACKAGE_STRING='libest 2.1.0p'
PACKAGE_TARNAME='libest'
PACKAGE_URL=''
PACKAGE_VERSION='2.1.0p'
PATH_SEPARATOR=':'
RANLIB='ranlib'
SAFEC_CFLAGS='$(abs_top_builddir)/safe_c_stub/include'
SAFEC_DIR='$(abs_top_builddir)/safe_c_stub'
SAFEC_LDFLAGS='$(abs_top_builddir)/safe_c_stub/lib'
SAFEC_STUB_DIR='$(abs_top_builddir)/safe_c_stub'
SED='/bin/sed'
SET_MAKE=''
SHELL='/bin/bash'
SSL_CFLAGS='/usr/local/pqpki-openssl1.0.2o/include'
SSL_LDFLAGS='/usr/local/pqpki-openssl1.0.2o/lib'
STRIP='strip'
VERSION='2.1.0p'
ac_ct_AR='ar'
ac_ct_CC='gcc'
ac_ct_DUMPBIN=''
am__EXEEXT_FALSE=''
am__EXEEXT_TRUE='#'
am__fastdepCC_FALSE='#'
am__fastdepCC_TRUE=''
am__include='include'
am__isrc=''
am__leading_dot='.'
am__nodep='_no'
am__quote=''
am__tar='$${TAR-tar} chof - "$$tardir"'
am__untar='$${TAR-tar} xf -'
bindir='${exec_prefix}/bin'
build='x86_64-unknown-linux-gnu'
build_alias=''
build_cpu='x86_64'
build_os='linux-gnu'
build_vendor='unknown'
datadir='${datarootdir}'
datarootdir='${prefix}/share'
docdir='${datarootdir}/doc/${PACKAGE_TARNAME}'
dvidir='${docdir}'
exec_prefix='${prefix}'
host='x86_64-unknown-linux-gnu'
host_alias=''
host_cpu='x86_64'
host_os='linux-gnu'
host_vendor='unknown'
htmldir='${docdir}'
includedir='${prefix}/include'
infodir='${datarootdir}/info'
install_sh='${SHELL} /vagrant/LMS_HLF/libest/config/install-sh'
libdir='${exec_prefix}/lib'
libexecdir='${exec_prefix}/libexec'
localedir='${datarootdir}/locale'
localstatedir='${prefix}/var'
mandir='${datarootdir}/man'
mkdir_p='$(MKDIR_P)'
oldincludedir='/usr/include'
pdfdir='${docdir}'
prefix='/usr/local/est'
program_transform_name='s,x,x,'
psdir='${docdir}'
runstatedir='${localstatedir}/run'
sbindir='${exec_prefix}/sbin'
sharedstatedir='${prefix}/com'
sysconfdir='${prefix}/etc'
target_alias=''

## ----------- ##
## confdefs.h. ##
## ----------- ##

/* confdefs.h */
#define PACKAGE_NAME "libest"
#define PACKAGE_TARNAME "libest"
#define PACKAGE_VERSION "2.1.0p"
#define PACKAGE_STRING "libest 2.1.0p"
#define PACKAGE_BUGREPORT "libest-dev"
#define PACKAGE_URL ""
#define PACKAGE "libest"
#define VERSION "2.1.0p"
#define PACKAGE "libest"
#define VERSION "2.1.0p"
#define STDC_HEADERS 1
#define HAVE_SYS_TYPES_H 1
#define HAVE_SYS_STAT_H 1
#define HAVE_STDLIB_H 1
#define HAVE_STRING_H 1
#define HAVE_MEMORY_H 1
#define HAVE_STRINGS_H 1
#define HAVE_INTTYPES_H 1
#define HAVE_STDINT_H 1
#define HAVE_UNISTD_H 1
#define HAVE_DLFCN_H 1
#define LT_OBJDIR ".libs/"
#define HAVE_LIBDL 1
#define HAVE_LIBPTHREAD 1
#define HAVE_LIBCRYPTO 1
#define HAVE_LIBSSL 1

configure: exit 0
